Building DAG of jobs...
Using shell: /bin/bash
Provided cores: 1 (use --cores to define parallelism)
Rules claiming more threads will be scaled down.
Job counts:
	count	jobs
	1	pipeline
	2	qualimap__mapping_quality_report_across_reference
	1	qualimap__summarize_quality_reports
	2	samtools__bam_index
	6

[Wed Nov 11 20:46:59 2020]
rule samtools__bam_index:
    input: mapping/sars_cov_2/original/example_1.bam
    output: mapping/sars_cov_2/original/example_1.bam.bai
    jobid: 10
    reason: Missing output files: mapping/sars_cov_2/original/example_1.bam.bai
    wildcards: path=mapping/sars_cov_2/original, sample=example_1


        samtools index mapping/sars_cov_2/original/example_1.bam
        
[Wed Nov 11 20:46:59 2020]
Error in rule samtools__bam_index:
    jobid: 10
    output: mapping/sars_cov_2/original/example_1.bam.bai
    shell:
        
        samtools index mapping/sars_cov_2/original/example_1.bam
        
        (one of the commands exited with non-zero exit code; note that snakemake uses bash strict mode!)

Shutting down, this might take some time.
Exiting because a job execution failed. Look above for error message
Complete log: /home/adog/snakelines/example/nanomap/.snakemake/log/2020-11-11T204657.610725.snakemake.log
