Building DAG of jobs...
Creating conda environment /home/adog/snakelines/enviroments/nanoplot.yaml...
Downloading and installing remote packages.
Environment for ../../enviroments/nanoplot.yaml created (location: bedc66e1)
Using shell: /bin/bash
Provided cores: 26
Rules claiming more threads will be scaled down.
Job counts:
	count	jobs
	2	nanoplot__quality_report
	1	nanoplot_summary_report
	1	pipeline
	4

[Wed Dec  2 14:12:43 2020]
rule nanoplot_summary_report:
    input: reads/original/example_1.fastq, reads/original/example_2.fastq
    output: reads/original/stats/summary.html
    jobid: 3
    reason: Missing output files: reads/original/stats/summary.html
    wildcards: read_type=original
    threads: 26

RuleException in line 5 of /home/adog/snakelines/rules/nanopore/reads/report/quality_report/nanoplot.snake:
NameError: The name 'read_type' is unknown in this context. Please make sure that you defined that variable. Also note that braces not used for variable access have to be escaped by repeating them, i.e. {{print $1}}
