Building DAG of jobs...
Using shell: /bin/bash
Provided cores: 10
Rules claiming more threads will be scaled down.
Job counts:
	count	jobs
	1	clair__variant_call_mapped_reads
	1	pipeline
	2

[Mon Nov 30 09:22:59 2020]
rule clair__variant_call_mapped_reads:
    input: mapping/sars_cov_2/original/example_2_sorted.bam, reference/sars_cov_2/sars_cov_2.fa, reference/sars_cov_2/sars_cov_2.fa.fai
    output: variant/sars_cov_2/original/example_2/
    log: variant/sars_cov_2/original/log/example_2.log, variant/sars_cov_2/original/log/example_2.err
    jobid: 7
    reason: Missing output files: variant/sars_cov_2/original/example_2/
    wildcards: reference=sars_cov_2, map_type=original, sample=example_2
    threads: 10


        python3 $CLAIR callVarBamParallel             --chkpnt_fn ~/Clair/models/ont/model/model             --ref_fn reference/sars_cov_2/sars_cov_2.fa             --bam_fn mapping/sars_cov_2/original/example_2_sorted.bam             --includingAllContigs             --output_prefix variant/sars_cov_2/original/example_2/var > command.sh

        cat command.sh | parallel -j10 --will-cite

        #for i in variant/sars_cov_2/original/example_2/*.vcf
        #do
        #    if ! [ -z "$(tail -c 1 "$i")" ]; then echo "$i"; fi
        #done | grep -f - command.sh | sh
        
Activating conda environment: /home/adog/snakelines/example/nanomap/1d042689
ImproperOutputException in line 3 of /home/adog/snakelines/rules/nanopore/variant/caller/clair.snake:
Outputs of incorrect type (directories when expecting files or vice versa). Output directories must be flagged with directory(). for rule clair__variant_call_mapped_reads:
variant/sars_cov_2/original/example_2/
Removing output files of failed job clair__variant_call_mapped_reads since they might be corrupted:
variant/sars_cov_2/original/example_2/
Skipped removing non-empty directory variant/sars_cov_2/original/example_2/
Shutting down, this might take some time.
Exiting because a job execution failed. Look above for error message
Complete log: /home/adog/snakelines/example/nanomap/.snakemake/log/2020-11-30T092259.522613.snakemake.log
