Building DAG of jobs...
Using shell: /bin/bash
Provided cores: 1 (use --cores to define parallelism)
Rules claiming more threads will be scaled down.
Job counts:
	count	jobs
	2	minimap2__map_reads_to_reference
	1	pipeline
	3

[Tue Nov 10 13:38:50 2020]
rule minimap2__map_reads_to_reference:
    input: reads/original/example_1.fastq, reference/sars_cov_2/sars_cov_2.fa
    output: mapping/sars_cov_2/original/example_1.bam
    log: mapping/sars_cov_2/sorted/log/example_1.log, mapping/sars_cov_2/sorted/log/example_1.err
    jobid: 1
    reason: Missing output files: mapping/sars_cov_2/original/example_1.bam
    wildcards: reference=sars_cov_2, sample=example_1


            minimap2
                -ax map-ont                 reference/sars_cov_2/sars_cov_2.fa                 reads/original/example_1.fastq                 > reads/original/example_1.fastq_aln.sam
        
[Tue Nov 10 13:38:51 2020]
Error in rule minimap2__map_reads_to_reference:
    jobid: 1
    output: mapping/sars_cov_2/original/example_1.bam
    log: mapping/sars_cov_2/sorted/log/example_1.log, mapping/sars_cov_2/sorted/log/example_1.err (check log file(s) for error message)
    shell:
        
            minimap2
                -ax map-ont                 reference/sars_cov_2/sars_cov_2.fa                 reads/original/example_1.fastq                 > reads/original/example_1.fastq_aln.sam
        
        (one of the commands exited with non-zero exit code; note that snakemake uses bash strict mode!)

Shutting down, this might take some time.
Exiting because a job execution failed. Look above for error message
Complete log: /home/adog/snakelines/example/nanomap/.snakemake/log/2020-11-10T133850.619898.snakemake.log
