Multiple include of /home/adog/snakelines/rules/mapping/index/samtools.snake ignored
Building DAG of jobs...
Using shell: /bin/bash
Provided cores: 1 (use --cores to define parallelism)
Rules claiming more threads will be scaled down.
Job counts:
	count	jobs
	2	clair__variant_call_mapped_reads
	1	pipeline
	3

[Wed Nov 25 14:04:53 2020]
rule clair__variant_call_mapped_reads:
    input: mapping/sars_cov_2/original/example_1_sorted.bam, reference/sars_cov_2/sars_cov_2.fa, reference/sars_cov_2/sars_cov_2.fa.fai
    output: variant/sars_cov_2/original/example_1.vcf
    log: variant/sars_cov_2/original/log/example_1.log, variant/sars_cov_2/original/log/example_1.err
    jobid: 9
    reason: Missing output files: variant/sars_cov_2/original/example_1.vcf
    wildcards: reference=sars_cov_2, map_type=original, sample=example_1

RuleException in line 3 of /home/adog/snakelines/rules/nanopore/variant/caller/clair.snake:
NameError: The name 'OUTPUT_PREFIX' is unknown in this context. Please make sure that you defined that variable. Also note that braces not used for variable access have to be escaped by repeating them, i.e. {{print $1}}
