Building DAG of jobs...
Using shell: /bin/bash
Provided cores: 1 (use --cores to define parallelism)
Rules claiming more threads will be scaled down.
Job counts:
	count	jobs
	1	minimap2__map_reads_to_reference
	1	pipeline
	2	qualimap__mapping_quality_report_across_reference
	1	qualimap__summarize_quality_reports
	2	samtools__bam_index
	2	samtools__convert_sam_to_bam
	9

[Wed Nov 11 16:58:19 2020]
rule samtools__convert_sam_to_bam:
    input: mapping/sars_cov_2/original/example_1.sam
    output: mapping/sars_cov_2/original/example_1.bam
    jobid: 9
    reason: Missing output files: mapping/sars_cov_2/original/example_1.bam
    wildcards: path=mapping/sars_cov_2/original, sample=example_1


        samtools view -S -b mapping/sars_cov_2/original/example_1.sam > mapping/sars_cov_2/original/example_1.bam
        
[Wed Nov 11 16:58:19 2020]
Finished job 9.
1 of 9 steps (11%) done

[Wed Nov 11 16:58:19 2020]
rule minimap2__map_reads_to_reference:
    input: reads/original/example_2.fastq, reference/sars_cov_2/sars_cov_2.fa
    output: mapping/sars_cov_2/original/example_2.sam
    log: mapping/sars_cov_2/sorted/log/example_2.log, mapping/sars_cov_2/sorted/log/example_2.err
    jobid: 5
    reason: Missing output files: mapping/sars_cov_2/original/example_2.sam
    wildcards: reference=sars_cov_2, sample=example_2


            minimap2                 -ax map-ont                 reference/sars_cov_2/sars_cov_2.fa                 reads/original/example_2.fastq                 > mapping/sars_cov_2/original/example_2.sam
        
[Wed Nov 11 16:58:19 2020]
Finished job 5.
2 of 9 steps (22%) done

[Wed Nov 11 16:58:19 2020]
rule samtools__convert_sam_to_bam:
    input: mapping/sars_cov_2/original/example_2.sam
    output: mapping/sars_cov_2/original/example_2.bam
    jobid: 11
    reason: Missing output files: mapping/sars_cov_2/original/example_2.bam; Input files updated by another job: mapping/sars_cov_2/original/example_2.sam
    wildcards: path=mapping/sars_cov_2/original, sample=example_2


        samtools view -S -b mapping/sars_cov_2/original/example_2.sam > mapping/sars_cov_2/original/example_2.bam
        
[Wed Nov 11 16:58:20 2020]
Finished job 11.
3 of 9 steps (33%) done

[Wed Nov 11 16:58:20 2020]
rule samtools__bam_index:
    input: mapping/sars_cov_2/original/example_1.bam
    output: mapping/sars_cov_2/original/example_1.bam.bai
    jobid: 10
    reason: Missing output files: mapping/sars_cov_2/original/example_1.bam.bai; Input files updated by another job: mapping/sars_cov_2/original/example_1.bam
    wildcards: path=mapping/sars_cov_2/original, sample=example_1


        samtools index mapping/sars_cov_2/original/example_1.bam
        
[Wed Nov 11 16:58:20 2020]
Error in rule samtools__bam_index:
    jobid: 10
    output: mapping/sars_cov_2/original/example_1.bam.bai
    shell:
        
        samtools index mapping/sars_cov_2/original/example_1.bam
        
        (one of the commands exited with non-zero exit code; note that snakemake uses bash strict mode!)

Shutting down, this might take some time.
Exiting because a job execution failed. Look above for error message
Complete log: /home/adog/snakelines/example/nanomap/.snakemake/log/2020-11-11T165818.138012.snakemake.log
