Building DAG of jobs...
Using shell: /bin/bash
Provided cores: 1 (use --cores to define parallelism)
Rules claiming more threads will be scaled down.
Job counts:
	count	jobs
	2	minimap2__map_reads_to_reference
	1	pipeline
	2	qualimap__mapping_quality_report_across_reference
	1	qualimap__summarize_quality_reports
	2	samtools__bam_index
	2	samtools__convert_sam_to_bam
	2	samtools__sort_bam_by_position
	12

[Wed Nov 11 20:57:43 2020]
rule minimap2__map_reads_to_reference:
    input: reads/original/example_1.fastq, reference/sars_cov_2/sars_cov_2.fa
    output: mapping/sars_cov_2/original/example_1.sam
    log: mapping/sars_cov_2/sorted/log/example_1.log, mapping/sars_cov_2/sorted/log/example_1.err
    jobid: 4
    reason: Missing output files: mapping/sars_cov_2/original/example_1.sam
    wildcards: reference=sars_cov_2, sample=example_1


            minimap2                 -ax map-ont                 reference/sars_cov_2/sars_cov_2.fa                 reads/original/example_1.fastq                 > mapping/sars_cov_2/original/example_1.sam
        
[Wed Nov 11 20:57:43 2020]
Finished job 4.
1 of 12 steps (8%) done

[Wed Nov 11 20:57:43 2020]
rule samtools__convert_sam_to_bam:
    input: mapping/sars_cov_2/original/example_1.sam
    output: mapping/sars_cov_2/original/example_1.bam
    jobid: 9
    reason: Missing output files: mapping/sars_cov_2/original/example_1.bam; Input files updated by another job: mapping/sars_cov_2/original/example_1.sam
    wildcards: path=mapping/sars_cov_2/original, sample=example_1


        samtools view -S -b mapping/sars_cov_2/original/example_1.sam > mapping/sars_cov_2/original/example_1.bam
        
[Wed Nov 11 20:57:43 2020]
Finished job 9.
2 of 12 steps (17%) done

[Wed Nov 11 20:57:43 2020]
rule minimap2__map_reads_to_reference:
    input: reads/original/example_2.fastq, reference/sars_cov_2/sars_cov_2.fa
    output: mapping/sars_cov_2/original/example_2.sam
    log: mapping/sars_cov_2/sorted/log/example_2.log, mapping/sars_cov_2/sorted/log/example_2.err
    jobid: 5
    reason: Missing output files: mapping/sars_cov_2/original/example_2.sam
    wildcards: reference=sars_cov_2, sample=example_2


            minimap2                 -ax map-ont                 reference/sars_cov_2/sars_cov_2.fa                 reads/original/example_2.fastq                 > mapping/sars_cov_2/original/example_2.sam
        
[Wed Nov 11 20:57:44 2020]
Finished job 5.
3 of 12 steps (25%) done

[Wed Nov 11 20:57:44 2020]
rule samtools__convert_sam_to_bam:
    input: mapping/sars_cov_2/original/example_2.sam
    output: mapping/sars_cov_2/original/example_2.bam
    jobid: 11
    reason: Missing output files: mapping/sars_cov_2/original/example_2.bam; Input files updated by another job: mapping/sars_cov_2/original/example_2.sam
    wildcards: path=mapping/sars_cov_2/original, sample=example_2


        samtools view -S -b mapping/sars_cov_2/original/example_2.sam > mapping/sars_cov_2/original/example_2.bam
        
[Wed Nov 11 20:57:44 2020]
Finished job 11.
4 of 12 steps (33%) done

[Wed Nov 11 20:57:44 2020]
rule samtools__sort_bam_by_position:
    input: mapping/sars_cov_2/original/example_1.bam
    output: mapping/sars_cov_2/original/example_1_sorted.bam
    jobid: 13
    reason: Missing output files: mapping/sars_cov_2/original/example_1_sorted.bam; Input files updated by another job: mapping/sars_cov_2/original/example_1.bam
    wildcards: path=mapping/sars_cov_2/original, sample=example_1


        samtools sort mapping/sars_cov_2/original/example_1.bam > mapping/sars_cov_2/original/example_1_sorted.bam
        
[Wed Nov 11 20:57:44 2020]
Finished job 13.
5 of 12 steps (42%) done

[Wed Nov 11 20:57:44 2020]
rule samtools__bam_index:
    input: mapping/sars_cov_2/original/example_1_sorted.bam
    output: mapping/sars_cov_2/original/example_1.bam.bai
    jobid: 10
    reason: Missing output files: mapping/sars_cov_2/original/example_1.bam.bai; Input files updated by another job: mapping/sars_cov_2/original/example_1_sorted.bam
    wildcards: path=mapping/sars_cov_2/original, sample=example_1


        samtools index mapping/sars_cov_2/original/example_1_sorted.bam
        
Waiting at most 5 seconds for missing files.
MissingOutputException in line 36 of /home/adog/snakelines/rules/mapping/index/samtools.snake:
Missing files after 5 seconds:
mapping/sars_cov_2/original/example_1.bam.bai
This might be due to filesystem latency. If that is the case, consider to increase the wait time with --latency-wait.
Shutting down, this might take some time.
Exiting because a job execution failed. Look above for error message
Complete log: /home/adog/snakelines/example/nanomap/.snakemake/log/2020-11-11T205742.029725.snakemake.log
