Building DAG of jobs...
Creating conda environment /home/adog/snakelines/enviroments/nanoplot.yaml...
Downloading and installing remote packages.
Environment for ../../enviroments/nanoplot.yaml created (location: ecbdf0af)
Using shell: /bin/bash
Provided cores: 26
Rules claiming more threads will be scaled down.
Job counts:
	count	jobs
	2	nanoplot__quality_report
	1	nanoplot_summary_report
	1	pipeline
	4

[Wed Dec  2 17:33:09 2020]
rule nanoplot_summary_report:
    input: reads/original/example_1.fastq, reads/original/example_2.fastq
    output: reads/original/stats/summary.html
    jobid: 3
    reason: Missing output files: reads/original/stats/summary.html
    wildcards: read_type=original
    threads: 26


        mkdir reads/original/stats/tmp

        NanoPlot             --outdir reads/original/stats/tmp             --threads 26             --fastq reads/original/example_1.fastq reads/original/example_2.fastq             --plots hex dot

        mv reads/original/stats/tmp/NanoPlot-report.html reads/original/stats/summary.html
        rm -r reads/original/stats/tmp
        
[Wed Dec  2 17:33:30 2020]
Finished job 3.
1 of 4 steps (25%) done

[Wed Dec  2 17:33:30 2020]
rule nanoplot__quality_report:
    input: reads/original/example_1.fastq
    output: reads/original/stats/example_1_fastqc.html, reads/original/stats/example_1_fastqc/summary.txt
    log: reads/original/stats/log/example_1.log, reads/original/stats/log/example_1.err
    jobid: 1
    reason: Missing output files: reads/original/stats/example_1_fastqc.html
    wildcards: read_type=original, stats_type=s, fastq=example_1
    threads: 26


        NanoPlot             --outdir reads/original/stats             --threads 26             --fastq reads/original/example_1.fastq             --plots hex dot

        cd reads/original/stats
        mv NanoStats.txt reads/original/stats/example_1_fastqc/summary.txt
        mv NanoPlot-report.html reads/original/stats/example_1_fastqc.html
        
Activating conda environment: /home/adog/snakelines/example/nanomap/ecbdf0af
[Wed Dec  2 17:33:50 2020]
Error in rule nanoplot__quality_report:
    jobid: 1
    output: reads/original/stats/example_1_fastqc.html, reads/original/stats/example_1_fastqc/summary.txt
    log: reads/original/stats/log/example_1.log, reads/original/stats/log/example_1.err (check log file(s) for error message)
    conda-env: /home/adog/snakelines/example/nanomap/ecbdf0af
    shell:
        
        NanoPlot             --outdir reads/original/stats             --threads 26             --fastq reads/original/example_1.fastq             --plots hex dot

        cd reads/original/stats
        mv NanoStats.txt reads/original/stats/example_1_fastqc/summary.txt
        mv NanoPlot-report.html reads/original/stats/example_1_fastqc.html
        
        (one of the commands exited with non-zero exit code; note that snakemake uses bash strict mode!)

Shutting down, this might take some time.
Exiting because a job execution failed. Look above for error message
Complete log: /home/adog/snakelines/example/nanomap/.snakemake/log/2020-12-02T171034.730280.snakemake.log
