Multiple include of /home/adog/snakelines/rules/mapping/index/samtools.snake ignored
Building DAG of jobs...
Using shell: /bin/bash
Provided cores: 1 (use --cores to define parallelism)
Rules claiming more threads will be scaled down.
Job counts:
	count	jobs
	1	pipeline
	2	qualimap__mapping_quality_report_across_reference
	1	qualimap__summarize_quality_reports
	4

[Sun Nov 29 14:54:47 2020]
rule qualimap__mapping_quality_report_across_reference:
    input: mapping/sars_cov_2/original/example_1_sorted.bam, mapping/sars_cov_2/original/example_1_sorted.bam.bai
    output: mapping/sars_cov_2/original/stats-wgs/samples/example_1/qualimapReport.html, mapping/sars_cov_2/original/stats-wgs/samples/example_1/report.pdf, mapping/sars_cov_2/original/stats-wgs/samples/example_1/genome_results.txt
    log: mapping/sars_cov_2/original/stats-wgs/samples/example_1/log/analysis.log, mapping/sars_cov_2/original/stats-wgs/samples/example_1/log/analysis.err
    jobid: 6
    reason: Updated input files: mapping/sars_cov_2/original/example_1_sorted.bam.bai
    wildcards: bamdir=mapping/sars_cov_2/original, sample=example_1


        unset DISPLAY
        qualimap bamqc             --java-mem-size=1G             -bam mapping/sars_cov_2/original/example_1_sorted.bam             --paint-chromosome-limits             -outdir mapping/sars_cov_2/original/stats-wgs/samples/example_1             -outformat PDF:HTML             -nt 1         >  mapping/sars_cov_2/original/stats-wgs/samples/example_1/log/analysis.log         2> mapping/sars_cov_2/original/stats-wgs/samples/example_1/log/analysis.err
        
[Sun Nov 29 14:55:07 2020]
Finished job 6.
1 of 4 steps (25%) done

[Sun Nov 29 14:55:07 2020]
rule qualimap__mapping_quality_report_across_reference:
    input: mapping/sars_cov_2/original/example_2_sorted.bam, mapping/sars_cov_2/original/example_2_sorted.bam.bai
    output: mapping/sars_cov_2/original/stats-wgs/samples/example_2/qualimapReport.html, mapping/sars_cov_2/original/stats-wgs/samples/example_2/report.pdf, mapping/sars_cov_2/original/stats-wgs/samples/example_2/genome_results.txt
    log: mapping/sars_cov_2/original/stats-wgs/samples/example_2/log/analysis.log, mapping/sars_cov_2/original/stats-wgs/samples/example_2/log/analysis.err
    jobid: 7
    reason: Updated input files: mapping/sars_cov_2/original/example_2_sorted.bam.bai
    wildcards: bamdir=mapping/sars_cov_2/original, sample=example_2


        unset DISPLAY
        qualimap bamqc             --java-mem-size=1G             -bam mapping/sars_cov_2/original/example_2_sorted.bam             --paint-chromosome-limits             -outdir mapping/sars_cov_2/original/stats-wgs/samples/example_2             -outformat PDF:HTML             -nt 1         >  mapping/sars_cov_2/original/stats-wgs/samples/example_2/log/analysis.log         2> mapping/sars_cov_2/original/stats-wgs/samples/example_2/log/analysis.err
        
[Sun Nov 29 14:55:20 2020]
Finished job 7.
2 of 4 steps (50%) done

[Sun Nov 29 14:55:20 2020]
rule qualimap__summarize_quality_reports:
    input: mapping/sars_cov_2/original/stats-wgs/samples/example_1/report.pdf, mapping/sars_cov_2/original/stats-wgs/samples/example_2/report.pdf
    output: mapping/sars_cov_2/original/stats-wgs/summary/multisampleBamQcReport.html, mapping/sars_cov_2/original/stats-wgs/summary/report.pdf
    log: mapping/sars_cov_2/original/stats-wgs/summary/log/analysis.log, mapping/sars_cov_2/original/stats-wgs/summary/log/analysis.err
    jobid: 8
    reason: Input files updated by another job: mapping/sars_cov_2/original/stats-wgs/samples/example_2/report.pdf, mapping/sars_cov_2/original/stats-wgs/samples/example_1/report.pdf
    wildcards: mapper=mapping, reference=sars_cov_2, map_type=original, panel=wgs


        unset DISPLAY
        # Prepare sample list file for the qualimap
        ## Column1: Sample name
        ## Column2: Path to precomputed bamqc report

        for REPORT in mapping/sars_cov_2/original/stats-wgs/samples/example_1/report.pdf mapping/sars_cov_2/original/stats-wgs/samples/example_2/report.pdf; do
            REPORT_DIR=`dirname $REPORT`
            SAMPLE=`basename $REPORT_DIR`
            echo -e "$SAMPLE	$REPORT_DIR" >> mapping/sars_cov_2/original/stats-wgs/summary/samples.list
        done

        # Run qualimap on samples specified in sample list
        qualimap multi-bamqc             -d mapping/sars_cov_2/original/stats-wgs/summary/samples.list             -outdir mapping/sars_cov_2/original/stats-wgs/summary             -outformat PDF:HTML         >  mapping/sars_cov_2/original/stats-wgs/summary/log/analysis.log         2> mapping/sars_cov_2/original/stats-wgs/summary/log/analysis.err
        
[Sun Nov 29 14:56:36 2020]
Finished job 8.
3 of 4 steps (75%) done

[Sun Nov 29 14:56:36 2020]
localrule pipeline:
    input: reads/original/stats/example_1_fastqc.html, reads/original/stats/example_2_fastqc.html, reads/original/stats/summary.html, mapping/sars_cov_2/original/example_1.sam, mapping/sars_cov_2/original/example_2.sam, mapping/sars_cov_2/original/stats-wgs/samples/example_1/report.pdf, mapping/sars_cov_2/original/stats-wgs/samples/example_2/report.pdf, mapping/sars_cov_2/original/stats-wgs/summary/report.pdf, variant/sars_cov_2/original/example_1/, variant/sars_cov_2/original/example_2/
    jobid: 0
    reason: Input files updated by another job: mapping/sars_cov_2/original/stats-wgs/samples/example_2/report.pdf, mapping/sars_cov_2/original/stats-wgs/samples/example_1/report.pdf, mapping/sars_cov_2/original/stats-wgs/summary/report.pdf

[Sun Nov 29 14:56:36 2020]
Finished job 0.
4 of 4 steps (100%) done
Complete log: /home/adog/snakelines/example/nanomap/.snakemake/log/2020-11-29T145446.153363.snakemake.log
