Building DAG of jobs...
Using shell: /bin/bash
Provided cores: 1 (use --cores to define parallelism)
Rules claiming more threads will be scaled down.
Job counts:
	count	jobs
	2	minimap2__map_reads_to_reference
	1	pipeline
	3

[Mon Nov 16 12:39:43 2020]
rule minimap2__map_reads_to_reference:
    input: reads/original/example_1.fastq, reference/sars_cov_2/sars_cov_2.fa
    output: mapping/sars_cov_2/original/example_1.sam
    log: mapping/sars_cov_2/sorted/log/example_1.log, mapping/sars_cov_2/sorted/log/example_1.err
    jobid: 4
    reason: Missing output files: mapping/sars_cov_2/original/example_1.sam
    wildcards: reference=sars_cov_2, sample=example_1


            minimap2                 -ax map-ont                 reference/sars_cov_2/sars_cov_2.fa                 reads/original/example_1.fastq                 > mapping/sars_cov_2/original/example_1.sam
        
[Mon Nov 16 12:39:44 2020]
Finished job 4.
1 of 3 steps (33%) done

[Mon Nov 16 12:39:44 2020]
rule minimap2__map_reads_to_reference:
    input: reads/original/example_2.fastq, reference/sars_cov_2/sars_cov_2.fa
    output: mapping/sars_cov_2/original/example_2.sam
    log: mapping/sars_cov_2/sorted/log/example_2.log, mapping/sars_cov_2/sorted/log/example_2.err
    jobid: 5
    reason: Missing output files: mapping/sars_cov_2/original/example_2.sam
    wildcards: reference=sars_cov_2, sample=example_2


            minimap2                 -ax map-ont                 reference/sars_cov_2/sars_cov_2.fa                 reads/original/example_2.fastq                 > mapping/sars_cov_2/original/example_2.sam
        
[Mon Nov 16 12:39:44 2020]
Finished job 5.
2 of 3 steps (67%) done

[Mon Nov 16 12:39:44 2020]
localrule pipeline:
    input: reads/original/stats/example_1_fastqc.html, reads/original/stats/example_2_fastqc.html, reads/original/stats/summary.html, mapping/sars_cov_2/original/example_1.sam, mapping/sars_cov_2/original/example_2.sam
    jobid: 0
    reason: Input files updated by another job: mapping/sars_cov_2/original/example_1.sam, mapping/sars_cov_2/original/example_2.sam

[Mon Nov 16 12:39:44 2020]
Finished job 0.
3 of 3 steps (100%) done
Complete log: /home/adog/snakelines/example/nanomap/.snakemake/log/2020-11-16T123943.111276.snakemake.log
