Building DAG of jobs...
Using shell: /bin/bash
Provided cores: 3
Rules claiming more threads will be scaled down.
Job counts:
	count	jobs
	2	medaka__variant_call_mapped_reads
	1	pipeline
	3

[Wed Jan  6 21:51:11 2021]
rule medaka__variant_call_mapped_reads:
    input: mapping/sars_cov_2/original/example_1_sorted.bam, reference/sars_cov_2/sars_cov_2.fa, reference/sars_cov_2/sars_cov_2.fa.fai
    output: variant/sars_cov_2/original/example_1.vcf
    log: variant/sars_cov_2/original/log/example_1.log, variant/sars_cov_2/original/log/example_1.err
    jobid: 3
    reason: Missing output files: variant/sars_cov_2/original/example_1.vcf
    wildcards: reference=sars_cov_2, map_type=original, sample=example_1
    threads: 3


        medaka_variant -f reference/sars_cov_2/sars_cov_2.fa -i mapping/sars_cov_2/original/example_1_sorted.bam
        vcfcat medaka_variant/round_1.vcf | bcftools sort > variant/sars_cov_2/original/example_1.vcf
        rm -r medaka_variant
        
Activating conda environment: /home/adog/snakelines/example/nanomap/60d1dd85
[Wed Jan  6 21:57:04 2021]
Error in rule medaka__variant_call_mapped_reads:
    jobid: 3
    output: variant/sars_cov_2/original/example_1.vcf
    log: variant/sars_cov_2/original/log/example_1.log, variant/sars_cov_2/original/log/example_1.err (check log file(s) for error message)
    conda-env: /home/adog/snakelines/example/nanomap/60d1dd85
    shell:
        
        medaka_variant -f reference/sars_cov_2/sars_cov_2.fa -i mapping/sars_cov_2/original/example_1_sorted.bam
        vcfcat medaka_variant/round_1.vcf | bcftools sort > variant/sars_cov_2/original/example_1.vcf
        rm -r medaka_variant
        
        (one of the commands exited with non-zero exit code; note that snakemake uses bash strict mode!)

Removing output files of failed job medaka__variant_call_mapped_reads since they might be corrupted:
variant/sars_cov_2/original/example_1.vcf
Shutting down, this might take some time.
Exiting because a job execution failed. Look above for error message
Complete log: /home/adog/snakelines/example/nanomap/.snakemake/log/2021-01-06T215110.862731.snakemake.log
