Building DAG of jobs...
Using shell: /bin/bash
Provided cores: 3
Rules claiming more threads will be scaled down.
Job counts:
	count	jobs
	2	medaka__variant_call_mapped_reads
	1	pipeline
	3

[Wed Jan  6 20:24:01 2021]
rule medaka__variant_call_mapped_reads:
    input: mapping/sars_cov_2/original/example_1_sorted.bam, reference/sars_cov_2/sars_cov_2.fa, reference/sars_cov_2/sars_cov_2.fa.fai
    output: variant/sars_cov_2/original/example_1.vcf
    log: variant/sars_cov_2/original/log/example_1.log, variant/sars_cov_2/original/log/example_1.err
    jobid: 3
    reason: Missing output files: variant/sars_cov_2/original/example_1.vcf
    wildcards: reference=sars_cov_2, map_type=original, sample=example_1
    threads: 3


        medaka_variant -f reference/sars_cov_2/sars_cov_2.fa -i mapping/sars_cov_2/original/example_1_sorted.bam

        
Activating conda environment: /home/adog/snakelines/example/nanomap/60d1dd85
Waiting at most 5 seconds for missing files.
MissingOutputException in line 3 of /home/adog/snakelines/rules/nanopore/variant/caller/medaka.snake:
Missing files after 5 seconds:
variant/sars_cov_2/original/example_1.vcf
This might be due to filesystem latency. If that is the case, consider to increase the wait time with --latency-wait.
Shutting down, this might take some time.
Exiting because a job execution failed. Look above for error message
Complete log: /home/adog/snakelines/example/nanomap/.snakemake/log/2021-01-06T202400.612317.snakemake.log
